This file contains any messages produced by compilers while
running configure, to aid debugging if configure makes a mistake.

It was created by pubcFS configure 0.1, which was
generated by GNU Autoconf 2.67.  Invocation command line was

  $ ./configure 

## --------- ##
## Platform. ##
## --------- ##

hostname = miro-virtual-machine
uname -m = i686
uname -r = 2.6.38-8-generic
uname -s = Linux
uname -v = #42-Ubuntu SMP Mon Apr 11 03:31:50 UTC 2011

/usr/bin/uname -p = unknown
/bin/uname -X     = unknown

/bin/arch              = unknown
/usr/bin/arch -k       = unknown
/usr/convex/getsysinfo = unknown
/usr/bin/hostinfo      = unknown
/bin/machine           = unknown
/usr/bin/oslevel       = unknown
/bin/universe          = unknown

PATH: /usr/local/sbin
PATH: /usr/local/bin
PATH: /usr/sbin
PATH: /usr/bin
PATH: /sbin
PATH: /bin
PATH: /usr/games


## ----------- ##
## Core tests. ##
## ----------- ##

configure:2670: checking for a BSD-compatible install
configure:2738: result: /usr/bin/install -c
configure:2749: checking whether build environment is sane
configure:2799: result: yes
configure:2940: checking for a thread-safe mkdir -p
configure:2979: result: /bin/mkdir -p
configure:2992: checking for gawk
configure:3022: result: no
configure:2992: checking for mawk
configure:3008: found /usr/bin/mawk
configure:3019: result: mawk
configure:3030: checking whether make sets $(MAKE)
configure:3052: result: yes
configure:3193: checking for gcc
configure:3209: found /usr/bin/gcc
configure:3220: result: gcc
configure:3449: checking for C compiler version
configure:3458: gcc --version >&5
gcc (Ubuntu/Linaro 4.5.2-8ubuntu4) 4.5.2
Copyright (C) 2010 Free Software Foundation, Inc.
This is free software; see the source for copying conditions.  There is NO
warranty; not even for MERCHANTABILITY or FITNESS FOR A PARTICULAR PURPOSE.

configure:3469: $? = 0
configure:3458: gcc -v >&5
Using built-in specs.
COLLECT_GCC=gcc
COLLECT_LTO_WRAPPER=/usr/lib/i386-linux-gnu/gcc/i686-linux-gnu/4.5.2/lto-wrapper
Target: i686-linux-gnu
Configured with: ../src/configure -v --with-pkgversion='Ubuntu/Linaro 4.5.2-8ubuntu4' --with-bugurl=file:///usr/share/doc/gcc-4.5/README.Bugs --enable-languages=c,c++,fortran,objc,obj-c++ --prefix=/usr --program-suffix=-4.5 --enable-shared --enable-multiarch --with-multiarch-defaults=i386-linux-gnu --enable-linker-build-id --with-system-zlib --libexecdir=/usr/lib/i386-linux-gnu --without-included-gettext --enable-threads=posix --with-gxx-include-dir=/usr/include/c++/4.5 --libdir=/usr/lib/i386-linux-gnu --enable-nls --with-sysroot=/ --enable-clocale=gnu --enable-libstdcxx-debug --enable-libstdcxx-time=yes --enable-plugin --enable-gold --enable-ld=default --with-plugin-ld=ld.gold --enable-objc-gc --enable-targets=all --disable-werror --with-arch-32=i686 --with-tune=generic --enable-checking=release --build=i686-linux-gnu --host=i686-linux-gnu --target=i686-linux-gnu
Thread model: posix
gcc version 4.5.2 (Ubuntu/Linaro 4.5.2-8ubuntu4) 
configure:3469: $? = 0
configure:3458: gcc -V >&5
gcc: '-V' option must have argument
configure:3469: $? = 1
configure:3458: gcc -qversion >&5
gcc: unrecognized option '-qversion'
gcc: no input files
configure:3469: $? = 1
configure:3489: checking whether the C compiler works
configure:3511: gcc    conftest.c  >&5
configure:3515: $? = 0
configure:3563: result: yes
configure:3566: checking for C compiler default output file name
configure:3568: result: a.out
configure:3574: checking for suffix of executables
configure:3581: gcc -o conftest    conftest.c  >&5
configure:3585: $? = 0
configure:3607: result: 
configure:3629: checking whether we are cross compiling
configure:3637: gcc -o conftest    conftest.c  >&5
configure:3641: $? = 0
configure:3648: ./conftest
configure:3652: $? = 0
configure:3667: result: no
configure:3672: checking for suffix of object files
configure:3694: gcc -c   conftest.c >&5
configure:3698: $? = 0
configure:3719: result: o
configure:3723: checking whether we are using the GNU C compiler
configure:3742: gcc -c   conftest.c >&5
configure:3742: $? = 0
configure:3751: result: yes
configure:3760: checking whether gcc accepts -g
configure:3780: gcc -c -g  conftest.c >&5
configure:3780: $? = 0
configure:3821: result: yes
configure:3838: checking for gcc option to accept ISO C89
configure:3902: gcc  -c -g -O2  conftest.c >&5
configure:3902: $? = 0
configure:3915: result: none needed
configure:3946: checking for style of include used by make
configure:3974: result: GNU
configure:3999: checking dependency style of gcc
configure:4109: result: gcc3
configure:4182: checking for g++
configure:4198: found /usr/bin/g++
configure:4209: result: g++
configure:4236: checking for C++ compiler version
configure:4245: g++ --version >&5
g++ (Ubuntu/Linaro 4.5.2-8ubuntu4) 4.5.2
Copyright (C) 2010 Free Software Foundation, Inc.
This is free software; see the source for copying conditions.  There is NO
warranty; not even for MERCHANTABILITY or FITNESS FOR A PARTICULAR PURPOSE.

configure:4256: $? = 0
configure:4245: g++ -v >&5
Using built-in specs.
COLLECT_GCC=g++
COLLECT_LTO_WRAPPER=/usr/lib/i386-linux-gnu/gcc/i686-linux-gnu/4.5.2/lto-wrapper
Target: i686-linux-gnu
Configured with: ../src/configure -v --with-pkgversion='Ubuntu/Linaro 4.5.2-8ubuntu4' --with-bugurl=file:///usr/share/doc/gcc-4.5/README.Bugs --enable-languages=c,c++,fortran,objc,obj-c++ --prefix=/usr --program-suffix=-4.5 --enable-shared --enable-multiarch --with-multiarch-defaults=i386-linux-gnu --enable-linker-build-id --with-system-zlib --libexecdir=/usr/lib/i386-linux-gnu --without-included-gettext --enable-threads=posix --with-gxx-include-dir=/usr/include/c++/4.5 --libdir=/usr/lib/i386-linux-gnu --enable-nls --with-sysroot=/ --enable-clocale=gnu --enable-libstdcxx-debug --enable-libstdcxx-time=yes --enable-plugin --enable-gold --enable-ld=default --with-plugin-ld=ld.gold --enable-objc-gc --enable-targets=all --disable-werror --with-arch-32=i686 --with-tune=generic --enable-checking=release --build=i686-linux-gnu --host=i686-linux-gnu --target=i686-linux-gnu
Thread model: posix
gcc version 4.5.2 (Ubuntu/Linaro 4.5.2-8ubuntu4) 
configure:4256: $? = 0
configure:4245: g++ -V >&5
g++: '-V' option must have argument
configure:4256: $? = 1
configure:4245: g++ -qversion >&5
g++: unrecognized option '-qversion'
g++: no input files
configure:4256: $? = 1
configure:4260: checking whether we are using the GNU C++ compiler
configure:4279: g++ -c   conftest.cpp >&5
configure:4279: $? = 0
configure:4288: result: yes
configure:4297: checking whether g++ accepts -g
configure:4317: g++ -c -g  conftest.cpp >&5
configure:4317: $? = 0
configure:4358: result: yes
configure:4383: checking dependency style of g++
configure:4493: result: gcc3
configure:4537: checking build system type
configure:4551: result: i686-pc-linux-gnu
configure:4571: checking host system type
configure:4584: result: i686-pc-linux-gnu
configure:4604: checking for a sed that does not truncate output
configure:4668: result: /bin/sed
configure:4686: checking for grep that handles long lines and -e
configure:4744: result: /bin/grep
configure:4749: checking for egrep
configure:4811: result: /bin/grep -E
configure:4816: checking for fgrep
configure:4878: result: /bin/grep -F
configure:4913: checking for ld used by gcc
configure:4980: result: /usr/bin/ld
configure:4987: checking if the linker (/usr/bin/ld) is GNU ld
configure:5002: result: yes
configure:5014: checking for BSD- or MS-compatible name lister (nm)
configure:5063: result: /usr/bin/nm -B
configure:5181: checking the name lister (/usr/bin/nm -B) interface
configure:5188: gcc -c -g -O2  conftest.c >&5
configure:5191: /usr/bin/nm -B "conftest.o"
configure:5194: output
00000000 B some_variable
configure:5201: result: BSD nm
configure:5204: checking whether ln -s works
configure:5208: result: yes
configure:5216: checking the maximum length of command line arguments
configure:5336: result: 1572864
configure:5353: checking whether the shell understands some XSI constructs
configure:5363: result: yes
configure:5367: checking whether the shell understands "+="
configure:5373: result: yes
configure:5408: checking for /usr/bin/ld option to reload object files
configure:5415: result: -r
configure:5484: checking for objdump
configure:5500: found /usr/bin/objdump
configure:5511: result: objdump
configure:5543: checking how to recognize dependent libraries
configure:5739: result: pass_all
configure:5799: checking for ar
configure:5815: found /usr/bin/ar
configure:5826: result: ar
configure:5904: checking for strip
configure:5920: found /usr/bin/strip
configure:5931: result: strip
configure:6003: checking for ranlib
configure:6019: found /usr/bin/ranlib
configure:6030: result: ranlib
configure:6120: checking command to parse /usr/bin/nm -B output from gcc object
configure:6238: gcc -c -g -O2  conftest.c >&5
configure:6241: $? = 0
configure:6245: /usr/bin/nm -B conftest.o \| sed -n -e 's/^.*[	 ]\([ABCDGIRSTW][ABCDGIRSTW]*\)[	 ][	 ]*\([_A-Za-z][_A-Za-z0-9]*\)$/\1 \2 \2/p' \> conftest.nm
configure:6248: $? = 0
configure:6302: gcc -o conftest -g -O2   conftest.c conftstm.o >&5
configure:6305: $? = 0
configure:6343: result: ok
configure:7152: checking how to run the C preprocessor
configure:7183: gcc -E  conftest.c
configure:7183: $? = 0
configure:7197: gcc -E  conftest.c
conftest.c:11:28: fatal error: ac_nonexistent.h: No such file or directory
compilation terminated.
configure:7197: $? = 1
configure: failed program was:
| /* confdefs.h */
| #define PACKAGE_NAME "pubcFS"
| #define PACKAGE_TARNAME "pubcfs"
| #define PACKAGE_VERSION "0.1"
| #define PACKAGE_STRING "pubcFS 0.1"
| #define PACKAGE_BUGREPORT "miro.mannino@gmail.com"
| #define PACKAGE_URL ""
| #define PACKAGE "pubcfs"
| #define VERSION "0.1"
| /* end confdefs.h.  */
| #include <ac_nonexistent.h>
configure:7222: result: gcc -E
configure:7242: gcc -E  conftest.c
configure:7242: $? = 0
configure:7256: gcc -E  conftest.c
conftest.c:11:28: fatal error: ac_nonexistent.h: No such file or directory
compilation terminated.
configure:7256: $? = 1
configure: failed program was:
| /* confdefs.h */
| #define PACKAGE_NAME "pubcFS"
| #define PACKAGE_TARNAME "pubcfs"
| #define PACKAGE_VERSION "0.1"
| #define PACKAGE_STRING "pubcFS 0.1"
| #define PACKAGE_BUGREPORT "miro.mannino@gmail.com"
| #define PACKAGE_URL ""
| #define PACKAGE "pubcfs"
| #define VERSION "0.1"
| /* end confdefs.h.  */
| #include <ac_nonexistent.h>
configure:7285: checking for ANSI C header files
configure:7305: gcc -c -g -O2  conftest.c >&5
configure:7305: $? = 0
configure:7378: gcc -o conftest -g -O2   conftest.c  >&5
configure:7378: $? = 0
configure:7378: ./conftest
configure:7378: $? = 0
configure:7389: result: yes
configure:7402: checking for sys/types.h
configure:7402: gcc -c -g -O2  conftest.c >&5
configure:7402: $? = 0
configure:7402: result: yes
configure:7402: checking for sys/stat.h
configure:7402: gcc -c -g -O2  conftest.c >&5
configure:7402: $? = 0
configure:7402: result: yes
configure:7402: checking for stdlib.h
configure:7402: gcc -c -g -O2  conftest.c >&5
configure:7402: $? = 0
configure:7402: result: yes
configure:7402: checking for string.h
configure:7402: gcc -c -g -O2  conftest.c >&5
configure:7402: $? = 0
configure:7402: result: yes
configure:7402: checking for memory.h
configure:7402: gcc -c -g -O2  conftest.c >&5
configure:7402: $? = 0
configure:7402: result: yes
configure:7402: checking for strings.h
configure:7402: gcc -c -g -O2  conftest.c >&5
configure:7402: $? = 0
configure:7402: result: yes
configure:7402: checking for inttypes.h
configure:7402: gcc -c -g -O2  conftest.c >&5
configure:7402: $? = 0
configure:7402: result: yes
configure:7402: checking for stdint.h
configure:7402: gcc -c -g -O2  conftest.c >&5
configure:7402: $? = 0
configure:7402: result: yes
configure:7402: checking for unistd.h
configure:7402: gcc -c -g -O2  conftest.c >&5
configure:7402: $? = 0
configure:7402: result: yes
configure:7416: checking for dlfcn.h
configure:7416: gcc -c -g -O2  conftest.c >&5
configure:7416: $? = 0
configure:7416: result: yes
configure:7541: checking for C++ compiler version
configure:7550: g++ --version >&5
g++ (Ubuntu/Linaro 4.5.2-8ubuntu4) 4.5.2
Copyright (C) 2010 Free Software Foundation, Inc.
This is free software; see the source for copying conditions.  There is NO
warranty; not even for MERCHANTABILITY or FITNESS FOR A PARTICULAR PURPOSE.

configure:7561: $? = 0
configure:7550: g++ -v >&5
Using built-in specs.
COLLECT_GCC=g++
COLLECT_LTO_WRAPPER=/usr/lib/i386-linux-gnu/gcc/i686-linux-gnu/4.5.2/lto-wrapper
Target: i686-linux-gnu
Configured with: ../src/configure -v --with-pkgversion='Ubuntu/Linaro 4.5.2-8ubuntu4' --with-bugurl=file:///usr/share/doc/gcc-4.5/README.Bugs --enable-languages=c,c++,fortran,objc,obj-c++ --prefix=/usr --program-suffix=-4.5 --enable-shared --enable-multiarch --with-multiarch-defaults=i386-linux-gnu --enable-linker-build-id --with-system-zlib --libexecdir=/usr/lib/i386-linux-gnu --without-included-gettext --enable-threads=posix --with-gxx-include-dir=/usr/include/c++/4.5 --libdir=/usr/lib/i386-linux-gnu --enable-nls --with-sysroot=/ --enable-clocale=gnu --enable-libstdcxx-debug --enable-libstdcxx-time=yes --enable-plugin --enable-gold --enable-ld=default --with-plugin-ld=ld.gold --enable-objc-gc --enable-targets=all --disable-werror --with-arch-32=i686 --with-tune=generic --enable-checking=release --build=i686-linux-gnu --host=i686-linux-gnu --target=i686-linux-gnu
Thread model: posix
gcc version 4.5.2 (Ubuntu/Linaro 4.5.2-8ubuntu4) 
configure:7561: $? = 0
configure:7550: g++ -V >&5
g++: '-V' option must have argument
configure:7561: $? = 1
configure:7550: g++ -qversion >&5
g++: unrecognized option '-qversion'
g++: no input files
configure:7561: $? = 1
configure:7565: checking whether we are using the GNU C++ compiler
configure:7593: result: yes
configure:7602: checking whether g++ accepts -g
configure:7663: result: yes
configure:7688: checking dependency style of g++
configure:7798: result: gcc3
configure:7821: checking how to run the C++ preprocessor
configure:7848: g++ -E  conftest.cpp
configure:7848: $? = 0
configure:7862: g++ -E  conftest.cpp
conftest.cpp:22:28: fatal error: ac_nonexistent.h: No such file or directory
compilation terminated.
configure:7862: $? = 1
configure: failed program was:
| /* confdefs.h */
| #define PACKAGE_NAME "pubcFS"
| #define PACKAGE_TARNAME "pubcfs"
| #define PACKAGE_VERSION "0.1"
| #define PACKAGE_STRING "pubcFS 0.1"
| #define PACKAGE_BUGREPORT "miro.mannino@gmail.com"
| #define PACKAGE_URL ""
| #define PACKAGE "pubcfs"
| #define VERSION "0.1"
| #define STDC_HEADERS 1
| #define HAVE_SYS_TYPES_H 1
| #define HAVE_SYS_STAT_H 1
| #define HAVE_STDLIB_H 1
| #define HAVE_STRING_H 1
| #define HAVE_MEMORY_H 1
| #define HAVE_STRINGS_H 1
| #define HAVE_INTTYPES_H 1
| #define HAVE_STDINT_H 1
| #define HAVE_UNISTD_H 1
| #define HAVE_DLFCN_H 1
| /* end confdefs.h.  */
| #include <ac_nonexistent.h>
configure:7887: result: g++ -E
configure:7907: g++ -E  conftest.cpp
configure:7907: $? = 0
configure:7921: g++ -E  conftest.cpp
conftest.cpp:22:28: fatal error: ac_nonexistent.h: No such file or directory
compilation terminated.
configure:7921: $? = 1
configure: failed program was:
| /* confdefs.h */
| #define PACKAGE_NAME "pubcFS"
| #define PACKAGE_TARNAME "pubcfs"
| #define PACKAGE_VERSION "0.1"
| #define PACKAGE_STRING "pubcFS 0.1"
| #define PACKAGE_BUGREPORT "miro.mannino@gmail.com"
| #define PACKAGE_URL ""
| #define PACKAGE "pubcfs"
| #define VERSION "0.1"
| #define STDC_HEADERS 1
| #define HAVE_SYS_TYPES_H 1
| #define HAVE_SYS_STAT_H 1
| #define HAVE_STDLIB_H 1
| #define HAVE_STRING_H 1
| #define HAVE_MEMORY_H 1
| #define HAVE_STRINGS_H 1
| #define HAVE_INTTYPES_H 1
| #define HAVE_STDINT_H 1
| #define HAVE_UNISTD_H 1
| #define HAVE_DLFCN_H 1
| /* end confdefs.h.  */
| #include <ac_nonexistent.h>
configure:8127: checking for objdir
configure:8142: result: .libs
configure:8434: checking if gcc supports -fno-rtti -fno-exceptions
configure:8452: gcc -c -g -O2  -fno-rtti -fno-exceptions conftest.c >&5
cc1: warning: command line option "-fno-rtti" is valid for C++/ObjC++ but not for C
configure:8456: $? = 0
configure:8469: result: no
configure:8489: checking for gcc option to produce PIC
configure:8761: result: -fPIC -DPIC
configure:8773: checking if gcc PIC flag -fPIC -DPIC works
configure:8791: gcc -c -g -O2  -fPIC -DPIC -DPIC conftest.c >&5
configure:8795: $? = 0
configure:8808: result: yes
configure:8832: checking if gcc static flag -static works
configure:8860: result: yes
configure:8875: checking if gcc supports -c -o file.o
configure:8896: gcc -c -g -O2  -o out/conftest2.o conftest.c >&5
configure:8900: $? = 0
configure:8922: result: yes
configure:8930: checking if gcc supports -c -o file.o
configure:8977: result: yes
configure:9010: checking whether the gcc linker (/usr/bin/ld) supports shared libraries
configure:10001: result: yes
configure:10038: checking whether -lc should be explicitly linked in
configure:10043: gcc -c -g -O2  conftest.c >&5
configure:10046: $? = 0
configure:10061: gcc -shared conftest.o  -v -Wl,-soname -Wl,conftest -o conftest 2\>\&1 \| /bin/grep  -lc  \>/dev/null 2\>\&1
configure:10064: $? = 0
configure:10076: result: no
configure:10240: checking dynamic linker characteristics
configure:10673: gcc -o conftest -g -O2   -Wl,-rpath -Wl,/foo conftest.c  >&5
configure:10673: $? = 0
configure:10903: result: GNU/Linux ld.so
configure:11005: checking how to hardcode library paths into programs
configure:11030: result: immediate
configure:11550: checking whether stripping libraries is possible
configure:11555: result: yes
configure:11590: checking if libtool supports shared libraries
configure:11592: result: yes
configure:11595: checking whether to build shared libraries
configure:11616: result: yes
configure:11619: checking whether to build static libraries
configure:11623: result: yes
configure:11773: checking for ld used by g++
configure:11840: result: /usr/bin/ld
configure:11847: checking if the linker (/usr/bin/ld) is GNU ld
configure:11862: result: yes
configure:11917: checking whether the g++ linker (/usr/bin/ld) supports shared libraries
configure:12830: result: yes
configure:12858: g++ -c -g -O2  conftest.cpp >&5
configure:12861: $? = 0
configure:13043: checking for g++ option to produce PIC
configure:13360: result: -fPIC -DPIC
configure:13369: checking if g++ PIC flag -fPIC -DPIC works
configure:13387: g++ -c -g -O2  -fPIC -DPIC -DPIC conftest.cpp >&5
configure:13391: $? = 0
configure:13404: result: yes
configure:13425: checking if g++ static flag -static works
configure:13453: result: yes
configure:13465: checking if g++ supports -c -o file.o
configure:13486: g++ -c -g -O2  -o out/conftest2.o conftest.cpp >&5
configure:13490: $? = 0
configure:13512: result: yes
configure:13517: checking if g++ supports -c -o file.o
configure:13564: result: yes
configure:13594: checking whether the g++ linker (/usr/bin/ld) supports shared libraries
configure:13623: result: yes
configure:13760: checking dynamic linker characteristics
configure:14141: g++ -o conftest -g -O2   -Wl,-rpath -Wl,/foo conftest.cpp  >&5
configure:14141: $? = 0
configure:14371: result: GNU/Linux ld.so
configure:14422: checking how to hardcode library paths into programs
configure:14447: result: immediate
configure:14506: checking whether gcc and cc understand -c and -o together
configure:14537: gcc -c conftest.c -o conftest2.o >&5
configure:14541: $? = 0
configure:14547: gcc -c conftest.c -o conftest2.o >&5
configure:14551: $? = 0
configure:14562: cc -c conftest.c >&5
configure:14566: $? = 0
configure:14574: cc -c conftest.c -o conftest2.o >&5
configure:14578: $? = 0
configure:14584: cc -c conftest.c -o conftest2.o >&5
configure:14588: $? = 0
configure:14606: result: yes
configure:14637: checking for fuse_main in -lfuse
configure:14662: gcc -o conftest -D_FILE_OFFSET_BITS=64 -Wall -g  -L/usr/lib -L/usr/local/lib conftest.c -lfuse   >&5
configure:14662: $? = 0
configure:14671: result: yes
configure:14681: checking for ceil in -lm
configure:14706: gcc -o conftest -D_FILE_OFFSET_BITS=64 -Wall -g  -L/usr/lib -L/usr/local/lib conftest.c -lm   >&5
conftest.c:30:6: warning: conflicting types for built-in function 'ceil'
configure:14706: $? = 0
configure:14715: result: yes
configure:14725: checking for EVP_EncryptInit_ex in -lcrypto
configure:14750: gcc -o conftest -D_FILE_OFFSET_BITS=64 -Wall -g  -L/usr/lib -L/usr/local/lib conftest.c -lcrypto   >&5
configure:14750: $? = 0
configure:14759: result: yes
configure:14787: checking fuse.h usability
configure:14787: gcc -c -D_FILE_OFFSET_BITS=64 -Wall -g  conftest.c >&5
configure:14787: $? = 0
configure:14787: result: yes
configure:14787: checking fuse.h presence
configure:14787: gcc -E  conftest.c
In file included from /usr/include/fuse/fuse.h:26:0,
                 from /usr/include/fuse.h:9,
                 from conftest.c:23:
/usr/include/fuse/fuse_common.h:32:2: error: #error Please add -D_FILE_OFFSET_BITS=64 to your compile flags!
configure:14787: $? = 1
configure: failed program was:
| /* confdefs.h */
| #define PACKAGE_NAME "pubcFS"
| #define PACKAGE_TARNAME "pubcfs"
| #define PACKAGE_VERSION "0.1"
| #define PACKAGE_STRING "pubcFS 0.1"
| #define PACKAGE_BUGREPORT "miro.mannino@gmail.com"
| #define PACKAGE_URL ""
| #define PACKAGE "pubcfs"
| #define VERSION "0.1"
| #define STDC_HEADERS 1
| #define HAVE_SYS_TYPES_H 1
| #define HAVE_SYS_STAT_H 1
| #define HAVE_STDLIB_H 1
| #define HAVE_STRING_H 1
| #define HAVE_MEMORY_H 1
| #define HAVE_STRINGS_H 1
| #define HAVE_INTTYPES_H 1
| #define HAVE_STDINT_H 1
| #define HAVE_UNISTD_H 1
| #define HAVE_DLFCN_H 1
| #define LT_OBJDIR ".libs/"
| /* end confdefs.h.  */
| #include <fuse.h>
configure:14787: result: no
configure:14787: WARNING: fuse.h: accepted by the compiler, rejected by the preprocessor!
configure:14787: WARNING: fuse.h: proceeding with the compiler's result
configure:14787: checking for fuse.h
configure:14787: result: yes
configure:14787: checking for sys/types.h
configure:14787: result: yes
configure:14787: checking for sys/stat.h
configure:14787: result: yes
configure:14787: checking errno.h usability
configure:14787: gcc -c -D_FILE_OFFSET_BITS=64 -Wall -g  conftest.c >&5
configure:14787: $? = 0
configure:14787: result: yes
configure:14787: checking errno.h presence
configure:14787: gcc -E  conftest.c
configure:14787: $? = 0
configure:14787: result: yes
configure:14787: checking for errno.h
configure:14787: result: yes
configure:14787: checking for unistd.h
configure:14787: result: yes
configure:14787: checking fcntl.h usability
configure:14787: gcc -c -D_FILE_OFFSET_BITS=64 -Wall -g  conftest.c >&5
configure:14787: $? = 0
configure:14787: result: yes
configure:14787: checking fcntl.h presence
configure:14787: gcc -E  conftest.c
configure:14787: $? = 0
configure:14787: result: yes
configure:14787: checking for fcntl.h
configure:14787: result: yes
configure:14787: checking for stdint.h
configure:14787: result: yes
configure:14787: checking for stdlib.h
configure:14787: result: yes
configure:14787: checking for string.h
configure:14787: result: yes
configure:14787: checking openssl/evp.h usability
configure:14787: gcc -c -D_FILE_OFFSET_BITS=64 -Wall -g  conftest.c >&5
configure:14787: $? = 0
configure:14787: result: yes
configure:14787: checking openssl/evp.h presence
configure:14787: gcc -E  conftest.c
configure:14787: $? = 0
configure:14787: result: yes
configure:14787: checking for openssl/evp.h
configure:14787: result: yes
configure:14787: checking openssl/aes.h usability
configure:14787: gcc -c -D_FILE_OFFSET_BITS=64 -Wall -g  conftest.c >&5
configure:14787: $? = 0
configure:14787: result: yes
configure:14787: checking openssl/aes.h presence
configure:14787: gcc -E  conftest.c
configure:14787: $? = 0
configure:14787: result: yes
configure:14787: checking for openssl/aes.h
configure:14787: result: yes
configure:14800: checking for stdbool.h that conforms to C99
configure:14885: gcc -c -D_FILE_OFFSET_BITS=64 -Wall -g  conftest.c >&5
conftest.c:61:2: warning: the address of 's' will always evaluate as 'true'
conftest.c: In function 'main':
conftest.c:105:10: warning: the address of 'a' will always evaluate as 'true'
conftest.c:105:15: warning: the address of 'b' will always evaluate as 'true'
conftest.c:105:20: warning: the address of 'c' will always evaluate as 'true'
conftest.c:105:25: warning: the address of 'd' will always evaluate as 'true'
conftest.c:105:35: warning: the address of 'f' will always evaluate as 'true'
conftest.c:105:40: warning: the address of 'g' will always evaluate as 'true'
conftest.c:105:45: warning: the address of 'h' will always evaluate as 'true'
conftest.c:105:50: warning: the address of 'i' will always evaluate as 'true'
conftest.c:106:10: warning: the address of 'n' will always evaluate as 'true'
conftest.c:106:15: warning: the address of 'o' will always evaluate as 'true'
conftest.c:106:20: warning: the address of 'p' will always evaluate as 'true'
configure:14885: $? = 0
configure:14892: result: yes
configure:14894: checking for _Bool
configure:14894: gcc -c -D_FILE_OFFSET_BITS=64 -Wall -g  conftest.c >&5
configure:14894: $? = 0
configure:14894: gcc -c -D_FILE_OFFSET_BITS=64 -Wall -g  conftest.c >&5
conftest.c: In function 'main':
conftest.c:70:20: error: expected expression before ')' token
configure:14894: $? = 1
configure: failed program was:
| /* confdefs.h */
| #define PACKAGE_NAME "pubcFS"
| #define PACKAGE_TARNAME "pubcfs"
| #define PACKAGE_VERSION "0.1"
| #define PACKAGE_STRING "pubcFS 0.1"
| #define PACKAGE_BUGREPORT "miro.mannino@gmail.com"
| #define PACKAGE_URL ""
| #define PACKAGE "pubcfs"
| #define VERSION "0.1"
| #define STDC_HEADERS 1
| #define HAVE_SYS_TYPES_H 1
| #define HAVE_SYS_STAT_H 1
| #define HAVE_STDLIB_H 1
| #define HAVE_STRING_H 1
| #define HAVE_MEMORY_H 1
| #define HAVE_STRINGS_H 1
| #define HAVE_INTTYPES_H 1
| #define HAVE_STDINT_H 1
| #define HAVE_UNISTD_H 1
| #define HAVE_DLFCN_H 1
| #define LT_OBJDIR ".libs/"
| #define HAVE_FUSE_H 1
| #define HAVE_SYS_TYPES_H 1
| #define HAVE_SYS_STAT_H 1
| #define HAVE_ERRNO_H 1
| #define HAVE_UNISTD_H 1
| #define HAVE_FCNTL_H 1
| #define HAVE_STDINT_H 1
| #define HAVE_STDLIB_H 1
| #define HAVE_STRING_H 1
| #define HAVE_OPENSSL_EVP_H 1
| #define HAVE_OPENSSL_AES_H 1
| /* end confdefs.h.  */
| #include <stdio.h>
| #ifdef HAVE_SYS_TYPES_H
| # include <sys/types.h>
| #endif
| #ifdef HAVE_SYS_STAT_H
| # include <sys/stat.h>
| #endif
| #ifdef STDC_HEADERS
| # include <stdlib.h>
| # include <stddef.h>
| #else
| # ifdef HAVE_STDLIB_H
| #  include <stdlib.h>
| # endif
| #endif
| #ifdef HAVE_STRING_H
| # if !defined STDC_HEADERS && defined HAVE_MEMORY_H
| #  include <memory.h>
| # endif
| # include <string.h>
| #endif
| #ifdef HAVE_STRINGS_H
| # include <strings.h>
| #endif
| #ifdef HAVE_INTTYPES_H
| # include <inttypes.h>
| #endif
| #ifdef HAVE_STDINT_H
| # include <stdint.h>
| #endif
| #ifdef HAVE_UNISTD_H
| # include <unistd.h>
| #endif
| int
| main ()
| {
| if (sizeof ((_Bool)))
| 	    return 0;
|   ;
|   return 0;
| }
configure:14894: result: yes
configure:14910: checking for int8_t
configure:14910: gcc -c -D_FILE_OFFSET_BITS=64 -Wall -g  conftest.c >&5
configure:14910: $? = 0
configure:14910: gcc -c -D_FILE_OFFSET_BITS=64 -Wall -g  conftest.c >&5
conftest.c: In function 'main':
conftest.c:73:12: error: size of array 'test_array' is negative
configure:14910: $? = 1
configure: failed program was:
| /* confdefs.h */
| #define PACKAGE_NAME "pubcFS"
| #define PACKAGE_TARNAME "pubcfs"
| #define PACKAGE_VERSION "0.1"
| #define PACKAGE_STRING "pubcFS 0.1"
| #define PACKAGE_BUGREPORT "miro.mannino@gmail.com"
| #define PACKAGE_URL ""
| #define PACKAGE "pubcfs"
| #define VERSION "0.1"
| #define STDC_HEADERS 1
| #define HAVE_SYS_TYPES_H 1
| #define HAVE_SYS_STAT_H 1
| #define HAVE_STDLIB_H 1
| #define HAVE_STRING_H 1
| #define HAVE_MEMORY_H 1
| #define HAVE_STRINGS_H 1
| #define HAVE_INTTYPES_H 1
| #define HAVE_STDINT_H 1
| #define HAVE_UNISTD_H 1
| #define HAVE_DLFCN_H 1
| #define LT_OBJDIR ".libs/"
| #define HAVE_FUSE_H 1
| #define HAVE_SYS_TYPES_H 1
| #define HAVE_SYS_STAT_H 1
| #define HAVE_ERRNO_H 1
| #define HAVE_UNISTD_H 1
| #define HAVE_FCNTL_H 1
| #define HAVE_STDINT_H 1
| #define HAVE_STDLIB_H 1
| #define HAVE_STRING_H 1
| #define HAVE_OPENSSL_EVP_H 1
| #define HAVE_OPENSSL_AES_H 1
| #define HAVE__BOOL 1
| #define HAVE_STDBOOL_H 1
| /* end confdefs.h.  */
| #include <stdio.h>
| #ifdef HAVE_SYS_TYPES_H
| # include <sys/types.h>
| #endif
| #ifdef HAVE_SYS_STAT_H
| # include <sys/stat.h>
| #endif
| #ifdef STDC_HEADERS
| # include <stdlib.h>
| # include <stddef.h>
| #else
| # ifdef HAVE_STDLIB_H
| #  include <stdlib.h>
| # endif
| #endif
| #ifdef HAVE_STRING_H
| # if !defined STDC_HEADERS && defined HAVE_MEMORY_H
| #  include <memory.h>
| # endif
| # include <string.h>
| #endif
| #ifdef HAVE_STRINGS_H
| # include <strings.h>
| #endif
| #ifdef HAVE_INTTYPES_H
| # include <inttypes.h>
| #endif
| #ifdef HAVE_STDINT_H
| # include <stdint.h>
| #endif
| #ifdef HAVE_UNISTD_H
| # include <unistd.h>
| #endif
| 	        enum { N = 8 / 2 - 1 };
| int
| main ()
| {
| static int test_array [1 - 2 * !((int8_t) (((((int8_t) 1 << N) << N) - 1) * 2 + 1)
| 		 < (int8_t) (((((int8_t) 1 << N) << N) - 1) * 2 + 2))];
| test_array [0] = 0
| 
|   ;
|   return 0;
| }
configure:14910: result: yes
configure:14921: checking for off_t
configure:14921: gcc -c -D_FILE_OFFSET_BITS=64 -Wall -g  conftest.c >&5
configure:14921: $? = 0
configure:14921: gcc -c -D_FILE_OFFSET_BITS=64 -Wall -g  conftest.c >&5
conftest.c: In function 'main':
conftest.c:72:20: error: expected expression before ')' token
configure:14921: $? = 1
configure: failed program was:
| /* confdefs.h */
| #define PACKAGE_NAME "pubcFS"
| #define PACKAGE_TARNAME "pubcfs"
| #define PACKAGE_VERSION "0.1"
| #define PACKAGE_STRING "pubcFS 0.1"
| #define PACKAGE_BUGREPORT "miro.mannino@gmail.com"
| #define PACKAGE_URL ""
| #define PACKAGE "pubcfs"
| #define VERSION "0.1"
| #define STDC_HEADERS 1
| #define HAVE_SYS_TYPES_H 1
| #define HAVE_SYS_STAT_H 1
| #define HAVE_STDLIB_H 1
| #define HAVE_STRING_H 1
| #define HAVE_MEMORY_H 1
| #define HAVE_STRINGS_H 1
| #define HAVE_INTTYPES_H 1
| #define HAVE_STDINT_H 1
| #define HAVE_UNISTD_H 1
| #define HAVE_DLFCN_H 1
| #define LT_OBJDIR ".libs/"
| #define HAVE_FUSE_H 1
| #define HAVE_SYS_TYPES_H 1
| #define HAVE_SYS_STAT_H 1
| #define HAVE_ERRNO_H 1
| #define HAVE_UNISTD_H 1
| #define HAVE_FCNTL_H 1
| #define HAVE_STDINT_H 1
| #define HAVE_STDLIB_H 1
| #define HAVE_STRING_H 1
| #define HAVE_OPENSSL_EVP_H 1
| #define HAVE_OPENSSL_AES_H 1
| #define HAVE__BOOL 1
| #define HAVE_STDBOOL_H 1
| /* end confdefs.h.  */
| #include <stdio.h>
| #ifdef HAVE_SYS_TYPES_H
| # include <sys/types.h>
| #endif
| #ifdef HAVE_SYS_STAT_H
| # include <sys/stat.h>
| #endif
| #ifdef STDC_HEADERS
| # include <stdlib.h>
| # include <stddef.h>
| #else
| # ifdef HAVE_STDLIB_H
| #  include <stdlib.h>
| # endif
| #endif
| #ifdef HAVE_STRING_H
| # if !defined STDC_HEADERS && defined HAVE_MEMORY_H
| #  include <memory.h>
| # endif
| # include <string.h>
| #endif
| #ifdef HAVE_STRINGS_H
| # include <strings.h>
| #endif
| #ifdef HAVE_INTTYPES_H
| # include <inttypes.h>
| #endif
| #ifdef HAVE_STDINT_H
| # include <stdint.h>
| #endif
| #ifdef HAVE_UNISTD_H
| # include <unistd.h>
| #endif
| int
| main ()
| {
| if (sizeof ((off_t)))
| 	    return 0;
|   ;
|   return 0;
| }
configure:14921: result: yes
configure:14932: checking for size_t
configure:14932: gcc -c -D_FILE_OFFSET_BITS=64 -Wall -g  conftest.c >&5
configure:14932: $? = 0
configure:14932: gcc -c -D_FILE_OFFSET_BITS=64 -Wall -g  conftest.c >&5
conftest.c: In function 'main':
conftest.c:72:21: error: expected expression before ')' token
configure:14932: $? = 1
configure: failed program was:
| /* confdefs.h */
| #define PACKAGE_NAME "pubcFS"
| #define PACKAGE_TARNAME "pubcfs"
| #define PACKAGE_VERSION "0.1"
| #define PACKAGE_STRING "pubcFS 0.1"
| #define PACKAGE_BUGREPORT "miro.mannino@gmail.com"
| #define PACKAGE_URL ""
| #define PACKAGE "pubcfs"
| #define VERSION "0.1"
| #define STDC_HEADERS 1
| #define HAVE_SYS_TYPES_H 1
| #define HAVE_SYS_STAT_H 1
| #define HAVE_STDLIB_H 1
| #define HAVE_STRING_H 1
| #define HAVE_MEMORY_H 1
| #define HAVE_STRINGS_H 1
| #define HAVE_INTTYPES_H 1
| #define HAVE_STDINT_H 1
| #define HAVE_UNISTD_H 1
| #define HAVE_DLFCN_H 1
| #define LT_OBJDIR ".libs/"
| #define HAVE_FUSE_H 1
| #define HAVE_SYS_TYPES_H 1
| #define HAVE_SYS_STAT_H 1
| #define HAVE_ERRNO_H 1
| #define HAVE_UNISTD_H 1
| #define HAVE_FCNTL_H 1
| #define HAVE_STDINT_H 1
| #define HAVE_STDLIB_H 1
| #define HAVE_STRING_H 1
| #define HAVE_OPENSSL_EVP_H 1
| #define HAVE_OPENSSL_AES_H 1
| #define HAVE__BOOL 1
| #define HAVE_STDBOOL_H 1
| /* end confdefs.h.  */
| #include <stdio.h>
| #ifdef HAVE_SYS_TYPES_H
| # include <sys/types.h>
| #endif
| #ifdef HAVE_SYS_STAT_H
| # include <sys/stat.h>
| #endif
| #ifdef STDC_HEADERS
| # include <stdlib.h>
| # include <stddef.h>
| #else
| # ifdef HAVE_STDLIB_H
| #  include <stdlib.h>
| # endif
| #endif
| #ifdef HAVE_STRING_H
| # if !defined STDC_HEADERS && defined HAVE_MEMORY_H
| #  include <memory.h>
| # endif
| # include <string.h>
| #endif
| #ifdef HAVE_STRINGS_H
| # include <strings.h>
| #endif
| #ifdef HAVE_INTTYPES_H
| # include <inttypes.h>
| #endif
| #ifdef HAVE_STDINT_H
| # include <stdint.h>
| #endif
| #ifdef HAVE_UNISTD_H
| # include <unistd.h>
| #endif
| int
| main ()
| {
| if (sizeof ((size_t)))
| 	    return 0;
|   ;
|   return 0;
| }
configure:14932: result: yes
configure:14943: checking for uint8_t
configure:14943: gcc -c -D_FILE_OFFSET_BITS=64 -Wall -g  conftest.c >&5
configure:14943: $? = 0
configure:14943: result: yes
configure:14961: checking for stdlib.h
configure:14961: result: yes
configure:14971: checking for GNU libc compatible malloc
configure:14995: gcc -o conftest -D_FILE_OFFSET_BITS=64 -Wall -g  -L/usr/lib -L/usr/local/lib conftest.c  >&5
configure:14995: $? = 0
configure:14995: ./conftest
configure:14995: $? = 0
configure:15005: result: yes
configure:15028: checking for memset
configure:15028: gcc -o conftest -D_FILE_OFFSET_BITS=64 -Wall -g  -L/usr/lib -L/usr/local/lib conftest.c  >&5
conftest.c:61:6: warning: conflicting types for built-in function 'memset'
configure:15028: $? = 0
configure:15028: result: yes
configure:15168: creating ./config.status

## ---------------------- ##
## Running config.status. ##
## ---------------------- ##

This file was extended by pubcFS config.status 0.1, which was
generated by GNU Autoconf 2.67.  Invocation command line was

  CONFIG_FILES    = 
  CONFIG_HEADERS  = 
  CONFIG_LINKS    = 
  CONFIG_COMMANDS = 
  $ ./config.status 

on miro-virtual-machine

config.status:1150: creating Makefile
config.status:1150: creating src/Makefile
config.status:1150: creating config.h
config.status:1330: config.h is unchanged
config.status:1378: executing depfiles commands
config.status:1378: executing libtool commands

## ---------------- ##
## Cache variables. ##
## ---------------- ##

ac_cv_build=i686-pc-linux-gnu
ac_cv_c_compiler_gnu=yes
ac_cv_c_int8_t=yes
ac_cv_c_uint8_t=yes
ac_cv_cxx_compiler_gnu=yes
ac_cv_env_CCC_set=
ac_cv_env_CCC_value=
ac_cv_env_CC_set=
ac_cv_env_CC_value=
ac_cv_env_CFLAGS_set=
ac_cv_env_CFLAGS_value=
ac_cv_env_CPPFLAGS_set=
ac_cv_env_CPPFLAGS_value=
ac_cv_env_CPP_set=
ac_cv_env_CPP_value=
ac_cv_env_CXXCPP_set=
ac_cv_env_CXXCPP_value=
ac_cv_env_CXXFLAGS_set=
ac_cv_env_CXXFLAGS_value=
ac_cv_env_CXX_set=
ac_cv_env_CXX_value=
ac_cv_env_LDFLAGS_set=
ac_cv_env_LDFLAGS_value=
ac_cv_env_LIBS_set=
ac_cv_env_LIBS_value=
ac_cv_env_build_alias_set=
ac_cv_env_build_alias_value=
ac_cv_env_host_alias_set=
ac_cv_env_host_alias_value=
ac_cv_env_target_alias_set=
ac_cv_env_target_alias_value=
ac_cv_func_malloc_0_nonnull=yes
ac_cv_func_memset=yes
ac_cv_header_dlfcn_h=yes
ac_cv_header_errno_h=yes
ac_cv_header_fcntl_h=yes
ac_cv_header_fuse_h=yes
ac_cv_header_inttypes_h=yes
ac_cv_header_memory_h=yes
ac_cv_header_openssl_aes_h=yes
ac_cv_header_openssl_evp_h=yes
ac_cv_header_stdbool_h=yes
ac_cv_header_stdc=yes
ac_cv_header_stdint_h=yes
ac_cv_header_stdlib_h=yes
ac_cv_header_string_h=yes
ac_cv_header_strings_h=yes
ac_cv_header_sys_stat_h=yes
ac_cv_header_sys_types_h=yes
ac_cv_header_unistd_h=yes
ac_cv_host=i686-pc-linux-gnu
ac_cv_lib_crypto_EVP_EncryptInit_ex=yes
ac_cv_lib_fuse_fuse_main=yes
ac_cv_lib_m_ceil=yes
ac_cv_objext=o
ac_cv_path_EGREP='/bin/grep -E'
ac_cv_path_FGREP='/bin/grep -F'
ac_cv_path_GREP=/bin/grep
ac_cv_path_SED=/bin/sed
ac_cv_path_install='/usr/bin/install -c'
ac_cv_path_mkdir=/bin/mkdir
ac_cv_prog_AWK=mawk
ac_cv_prog_CPP='gcc -E'
ac_cv_prog_CXXCPP='g++ -E'
ac_cv_prog_ac_ct_AR=ar
ac_cv_prog_ac_ct_CC=gcc
ac_cv_prog_ac_ct_CXX=g++
ac_cv_prog_ac_ct_OBJDUMP=objdump
ac_cv_prog_ac_ct_RANLIB=ranlib
ac_cv_prog_ac_ct_STRIP=strip
ac_cv_prog_cc_c89=
ac_cv_prog_cc_g=yes
ac_cv_prog_cc_gcc_c_o=yes
ac_cv_prog_cxx_g=yes
ac_cv_prog_make_make_set=yes
ac_cv_type__Bool=yes
ac_cv_type_off_t=yes
ac_cv_type_size_t=yes
am_cv_CC_dependencies_compiler_type=gcc3
am_cv_CXX_dependencies_compiler_type=gcc3
lt_cv_deplibs_check_method=pass_all
lt_cv_file_magic_cmd='$MAGIC_CMD'
lt_cv_file_magic_test_file=
lt_cv_ld_reload_flag=-r
lt_cv_nm_interface='BSD nm'
lt_cv_objdir=.libs
lt_cv_path_LD=/usr/bin/ld
lt_cv_path_LDCXX=/usr/bin/ld
lt_cv_path_NM='/usr/bin/nm -B'
lt_cv_prog_compiler_c_o=yes
lt_cv_prog_compiler_c_o_CXX=yes
lt_cv_prog_compiler_pic_works=yes
lt_cv_prog_compiler_pic_works_CXX=yes
lt_cv_prog_compiler_rtti_exceptions=no
lt_cv_prog_compiler_static_works=yes
lt_cv_prog_compiler_static_works_CXX=yes
lt_cv_prog_gnu_ld=yes
lt_cv_prog_gnu_ldcxx=yes
lt_cv_sys_global_symbol_pipe='sed -n -e '\''s/^.*[	 ]\([ABCDGIRSTW][ABCDGIRSTW]*\)[	 ][	 ]*\([_A-Za-z][_A-Za-z0-9]*\)$/\1 \2 \2/p'\'''
lt_cv_sys_global_symbol_to_c_name_address='sed -n -e '\''s/^: \([^ ]*\) $/  {\"\1\", (void *) 0},/p'\'' -e '\''s/^[ABCDGIRSTW]* \([^ ]*\) \([^ ]*\)$/  {"\2", (void *) \&\2},/p'\'''
lt_cv_sys_global_symbol_to_c_name_address_lib_prefix='sed -n -e '\''s/^: \([^ ]*\) $/  {\"\1\", (void *) 0},/p'\'' -e '\''s/^[ABCDGIRSTW]* \([^ ]*\) \(lib[^ ]*\)$/  {"\2", (void *) \&\2},/p'\'' -e '\''s/^[ABCDGIRSTW]* \([^ ]*\) \([^ ]*\)$/  {"lib\2", (void *) \&\2},/p'\'''
lt_cv_sys_global_symbol_to_cdecl='sed -n -e '\''s/^T .* \(.*\)$/extern int \1();/p'\'' -e '\''s/^[ABCDGIRSTW]* .* \(.*\)$/extern char \1;/p'\'''
lt_cv_sys_max_cmd_len=1572864

## ----------------- ##
## Output variables. ##
## ----------------- ##

ACLOCAL='${SHELL} /home/miro/Università/TESI/pubcFS/config/missing --run aclocal-1.11'
AMDEPBACKSLASH='\'
AMDEP_FALSE='#'
AMDEP_TRUE=''
AMTAR='${SHELL} /home/miro/Università/TESI/pubcFS/config/missing --run tar'
AR='ar'
AUTOCONF='${SHELL} /home/miro/Università/TESI/pubcFS/config/missing --run autoconf'
AUTOHEADER='${SHELL} /home/miro/Università/TESI/pubcFS/config/missing --run autoheader'
AUTOMAKE='${SHELL} /home/miro/Università/TESI/pubcFS/config/missing --run automake-1.11'
AWK='mawk'
CC='gcc'
CCDEPMODE='depmode=gcc3'
CFLAGS='-D_FILE_OFFSET_BITS=64 -Wall -g'
CPP='gcc -E'
CPPFLAGS=''
CRYPTO_LIBS='-lcrypto'
CXX='g++'
CXXCPP='g++ -E'
CXXDEPMODE='depmode=gcc3'
CXXFLAGS='-g -O2'
CYGPATH_W='echo'
DEFS='-DHAVE_CONFIG_H'
DEPDIR='.deps'
DSYMUTIL=''
DUMPBIN=''
ECHO_C=''
ECHO_N='-n'
ECHO_T=''
EGREP='/bin/grep -E'
EXEEXT=''
FGREP='/bin/grep -F'
FUSE_LIBS='-lfuse'
GREP='/bin/grep'
INSTALL_DATA='${INSTALL} -m 644'
INSTALL_PROGRAM='${INSTALL}'
INSTALL_SCRIPT='${INSTALL}'
INSTALL_STRIP_PROGRAM='$(install_sh) -c -s'
LD='/usr/bin/ld'
LDFLAGS='-L/usr/lib -L/usr/local/lib'
LIBOBJS=''
LIBS=''
LIBTOOL='$(SHELL) $(top_builddir)/libtool'
LIPO=''
LN_S='ln -s'
LTLIBOBJS=''
MAKEINFO='${SHELL} /home/miro/Università/TESI/pubcFS/config/missing --run makeinfo'
MATH_LIBS='-lm'
MKDIR_P='/bin/mkdir -p'
NM='/usr/bin/nm -B'
NMEDIT=''
OBJDUMP='objdump'
OBJEXT='o'
OTOOL64=''
OTOOL=''
PACKAGE='pubcfs'
PACKAGE_BUGREPORT='miro.mannino@gmail.com'
PACKAGE_NAME='pubcFS'
PACKAGE_STRING='pubcFS 0.1'
PACKAGE_TARNAME='pubcfs'
PACKAGE_URL=''
PACKAGE_VERSION='0.1'
PATH_SEPARATOR=':'
RANLIB='ranlib'
SED='/bin/sed'
SET_MAKE=''
SHELL='/bin/bash'
STRIP='strip'
VERSION='0.1'
ac_ct_CC='gcc'
ac_ct_CXX='g++'
ac_ct_DUMPBIN=''
am__EXEEXT_FALSE=''
am__EXEEXT_TRUE='#'
am__fastdepCC_FALSE='#'
am__fastdepCC_TRUE=''
am__fastdepCXX_FALSE='#'
am__fastdepCXX_TRUE=''
am__include='include'
am__isrc=''
am__leading_dot='.'
am__quote=''
am__tar='${AMTAR} chof - "$$tardir"'
am__untar='${AMTAR} xf -'
bindir='${exec_prefix}/bin'
build='i686-pc-linux-gnu'
build_alias=''
build_cpu='i686'
build_os='linux-gnu'
build_vendor='pc'
datadir='${datarootdir}'
datarootdir='${prefix}/share'
docdir='${datarootdir}/doc/${PACKAGE_TARNAME}'
dvidir='${docdir}'
exec_prefix='${prefix}'
host='i686-pc-linux-gnu'
host_alias=''
host_cpu='i686'
host_os='linux-gnu'
host_vendor='pc'
htmldir='${docdir}'
includedir='${prefix}/include'
infodir='${datarootdir}/info'
install_sh='${SHELL} /home/miro/Università/TESI/pubcFS/config/install-sh'
libdir='${exec_prefix}/lib'
libexecdir='${exec_prefix}/libexec'
localedir='${datarootdir}/locale'
localstatedir='${prefix}/var'
lt_ECHO='echo'
mandir='${datarootdir}/man'
mkdir_p='/bin/mkdir -p'
oldincludedir='/usr/include'
pdfdir='${docdir}'
prefix='/usr/local'
program_transform_name='s,x,x,'
psdir='${docdir}'
sbindir='${exec_prefix}/sbin'
sharedstatedir='${prefix}/com'
sysconfdir='${prefix}/etc'
target_alias=''

## ----------- ##
## confdefs.h. ##
## ----------- ##

/* confdefs.h */
#define PACKAGE_NAME "pubcFS"
#define PACKAGE_TARNAME "pubcfs"
#define PACKAGE_VERSION "0.1"
#define PACKAGE_STRING "pubcFS 0.1"
#define PACKAGE_BUGREPORT "miro.mannino@gmail.com"
#define PACKAGE_URL ""
#define PACKAGE "pubcfs"
#define VERSION "0.1"
#define STDC_HEADERS 1
#define HAVE_SYS_TYPES_H 1
#define HAVE_SYS_STAT_H 1
#define HAVE_STDLIB_H 1
#define HAVE_STRING_H 1
#define HAVE_MEMORY_H 1
#define HAVE_STRINGS_H 1
#define HAVE_INTTYPES_H 1
#define HAVE_STDINT_H 1
#define HAVE_UNISTD_H 1
#define HAVE_DLFCN_H 1
#define LT_OBJDIR ".libs/"
#define HAVE_FUSE_H 1
#define HAVE_SYS_TYPES_H 1
#define HAVE_SYS_STAT_H 1
#define HAVE_ERRNO_H 1
#define HAVE_UNISTD_H 1
#define HAVE_FCNTL_H 1
#define HAVE_STDINT_H 1
#define HAVE_STDLIB_H 1
#define HAVE_STRING_H 1
#define HAVE_OPENSSL_EVP_H 1
#define HAVE_OPENSSL_AES_H 1
#define HAVE__BOOL 1
#define HAVE_STDBOOL_H 1
#define HAVE_STDLIB_H 1
#define HAVE_MALLOC 1
#define HAVE_MEMSET 1

configure: exit 0
